\BOOKMARK [0][-]{chapter.1}{\376\377\000s\000r\000c\000\040\000p\000a\000c\000k\000a\000g\000e}{}% 1
\BOOKMARK [1][-]{section.1.1}{\376\377\000S\000u\000b\000p\000a\000c\000k\000a\000g\000e\000s}{chapter.1}% 2
\BOOKMARK [2][-]{subsection.1.1.1}{\376\377\000g\000u\000i\000\040\000p\000a\000c\000k\000a\000g\000e}{section.1.1}% 3
\BOOKMARK [3][-]{subsubsection*.3}{\376\377\000b\000u\000t\000t\000o\000n\000\137\000a\000r\000e\000a\000\040\000m\000o\000d\000u\000l\000e}{subsection.1.1.1}% 4
\BOOKMARK [4][-]{paragraph*.4}{\376\377\000b\000u\000t\000t\000o\000n\000\137\000a\000r\000e\000a\000.\000p\000y}{subsubsection*.3}% 5
\BOOKMARK [3][-]{subsubsection*.16}{\376\377\000i\000n\000p\000u\000t\000\137\000w\000i\000n\000d\000o\000w\000\040\000m\000o\000d\000u\000l\000e}{subsection.1.1.1}% 6
\BOOKMARK [4][-]{paragraph*.17}{\376\377\000i\000n\000p\000u\000t\000\137\000w\000i\000n\000d\000o\000w\000.\000p\000y}{subsubsection*.16}% 7
\BOOKMARK [3][-]{subsubsection*.26}{\376\377\000r\000e\000s\000u\000l\000t\000\137\000w\000i\000n\000d\000o\000w\000\040\000m\000o\000d\000u\000l\000e}{subsection.1.1.1}% 8
\BOOKMARK [4][-]{paragraph*.27}{\376\377\000r\000e\000s\000u\000l\000t\000\137\000w\000i\000n\000d\000o\000w\000.\000p\000y}{subsubsection*.26}% 9
\BOOKMARK [3][-]{subsubsection*.30}{\376\377\000s\000e\000t\000t\000i\000n\000g\000s\000\137\000w\000i\000n\000d\000o\000w\000\040\000m\000o\000d\000u\000l\000e}{subsection.1.1.1}% 10
\BOOKMARK [4][-]{paragraph*.31}{\376\377\000s\000e\000t\000t\000i\000n\000g\000s\000\137\000w\000i\000n\000d\000o\000w\000.\000p\000y}{subsubsection*.30}% 11
\BOOKMARK [3][-]{subsubsection*.34}{\376\377\000v\000i\000s\000u\000a\000l\000\137\000w\000i\000n\000d\000o\000w\000\040\000m\000o\000d\000u\000l\000e}{subsection.1.1.1}% 12
\BOOKMARK [4][-]{paragraph*.35}{\376\377\000v\000i\000s\000u\000a\000l\000\137\000w\000i\000n\000d\000o\000w\000.\000p\000y}{subsubsection*.34}% 13
\BOOKMARK [2][-]{subsection.1.1.2}{\376\377\000u\000t\000i\000l\000s\000\040\000p\000a\000c\000k\000a\000g\000e}{section.1.1}% 14
\BOOKMARK [3][-]{subsubsection*.37}{\376\377\000i\000n\000i\000t\000i\000a\000l\000\137\000r\000a\000t\000e\000\040\000m\000o\000d\000u\000l\000e}{subsection.1.1.2}% 15
\BOOKMARK [4][-]{paragraph*.38}{\376\377\000i\000n\000i\000t\000i\000a\000l\000\137\000r\000a\000t\000e\000.\000p\000y}{subsubsection*.37}% 16
\BOOKMARK [3][-]{subsubsection*.45}{\376\377\000i\000n\000p\000u\000t\000\137\000h\000e\000l\000p\000\040\000m\000o\000d\000u\000l\000e}{subsection.1.1.2}% 17
\BOOKMARK [4][-]{paragraph*.46}{\376\377\000i\000n\000p\000u\000t\000\137\000h\000e\000l\000p\000.\000p\000y}{subsubsection*.45}% 18
\BOOKMARK [3][-]{subsubsection*.52}{\376\377\000p\000l\000a\000n\000e\0003\000D\000\137\000p\000l\000o\000t\000\040\000m\000o\000d\000u\000l\000e}{subsection.1.1.2}% 19
\BOOKMARK [4][-]{paragraph*.53}{\376\377\000p\000l\000a\000n\000e\0003\000D\000\137\000p\000l\000o\000t\000.\000p\000y}{subsubsection*.52}% 20
\BOOKMARK [3][-]{subsubsection*.63}{\376\377\000r\000a\000t\000e\000\137\000c\000o\000n\000s\000t\000\040\000m\000o\000d\000u\000l\000e}{subsection.1.1.2}% 21
\BOOKMARK [4][-]{paragraph*.64}{\376\377\000r\000a\000t\000e\000\137\000c\000o\000n\000s\000t\000.\000p\000y}{subsubsection*.63}% 22
\BOOKMARK [3][-]{subsubsection*.68}{\376\377\000r\000e\000g\000r\000e\000s\000s\000i\000o\000n\000\137\000a\000n\000a\000l\000y\000s\000i\000s\000\040\000m\000o\000d\000u\000l\000e}{subsection.1.1.2}% 23
\BOOKMARK [4][-]{paragraph*.69}{\376\377\000r\000e\000g\000r\000e\000s\000s\000i\000o\000n\000\137\000a\000n\000a\000l\000y\000s\000i\000s\000.\000p\000y}{subsubsection*.68}% 24
\BOOKMARK [3][-]{subsubsection*.74}{\376\377\000s\000a\000v\000e\000\040\000m\000o\000d\000u\000l\000e}{subsection.1.1.2}% 25
\BOOKMARK [4][-]{paragraph*.75}{\376\377\000s\000a\000v\000e\000.\000p\000y}{subsubsection*.74}% 26
\BOOKMARK [1][-]{section.1.2}{\376\377\000m\000a\000i\000n\000w\000i\000n\000d\000o\000w\000\040\000m\000o\000d\000u\000l\000e}{chapter.1}% 27
\BOOKMARK [2][-]{subsection.1.2.1}{\376\377\000m\000a\000i\000n\000w\000i\000n\000d\000o\000w\000.\000p\000y}{section.1.2}% 28
\BOOKMARK [0][-]{chapter.2}{\376\377\000I\000n\000d\000i\000c\000e\000s\000\040\000a\000n\000d\000\040\000t\000a\000b\000l\000e\000s}{}% 29
\BOOKMARK [0][-]{section*.97}{\376\377\000P\000y\000t\000h\000o\000n\000\040\000M\000o\000d\000u\000l\000e\000\040\000I\000n\000d\000e\000x}{}% 30
\BOOKMARK [0][-]{section*.98}{\376\377\000I\000n\000d\000e\000x}{}% 31
